C:\USERS\EFE ŞENCAN\DOCUMENTS\VISUAL STUDIO 2012\PROJECTS\CS300_HOMEWORK4\CS300_HOMEWORK4\DEBUG\SKYLINE.OBJ
C:\USERS\EFE ŞENCAN\DOCUMENTS\VISUAL STUDIO 2012\PROJECTS\CS300_HOMEWORK4\CS300_HOMEWORK4\DEBUG\VC110.PDB
C:\USERS\EFE ŞENCAN\DOCUMENTS\VISUAL STUDIO 2012\PROJECTS\CS300_HOMEWORK4\DEBUG\CS300_HOMEWORK4.ILK
C:\USERS\EFE ŞENCAN\DOCUMENTS\VISUAL STUDIO 2012\PROJECTS\CS300_HOMEWORK4\DEBUG\CS300_HOMEWORK4.EXE
C:\USERS\EFE ŞENCAN\DOCUMENTS\VISUAL STUDIO 2012\PROJECTS\CS300_HOMEWORK4\DEBUG\CS300_HOMEWORK4.PDB
C:\Users\Efe Şencan\Documents\Visual Studio 2012\Projects\cs300_Homework4\cs300_Homework4\Debug\skyline.obj
C:\Users\Efe Şencan\Documents\Visual Studio 2012\Projects\cs300_Homework4\cs300_Homework4\Debug\cl.command.1.tlog
C:\Users\Efe Şencan\Documents\Visual Studio 2012\Projects\cs300_Homework4\cs300_Homework4\Debug\CL.read.1.tlog
C:\Users\Efe Şencan\Documents\Visual Studio 2012\Projects\cs300_Homework4\cs300_Homework4\Debug\CL.write.1.tlog
C:\Users\Efe Şencan\Documents\Visual Studio 2012\Projects\cs300_Homework4\cs300_Homework4\Debug\link-cvtres.read.1.tlog
C:\Users\Efe Şencan\Documents\Visual Studio 2012\Projects\cs300_Homework4\cs300_Homework4\Debug\link-cvtres.write.1.tlog
C:\Users\Efe Şencan\Documents\Visual Studio 2012\Projects\cs300_Homework4\cs300_Homework4\Debug\link-rc.read.1.tlog
C:\Users\Efe Şencan\Documents\Visual Studio 2012\Projects\cs300_Homework4\cs300_Homework4\Debug\link-rc.write.1.tlog
C:\Users\Efe Şencan\Documents\Visual Studio 2012\Projects\cs300_Homework4\cs300_Homework4\Debug\link.command.1.tlog
C:\Users\Efe Şencan\Documents\Visual Studio 2012\Projects\cs300_Homework4\cs300_Homework4\Debug\link.read.1.tlog
C:\Users\Efe Şencan\Documents\Visual Studio 2012\Projects\cs300_Homework4\cs300_Homework4\Debug\link.write.1.tlog
C:\Users\Efe Şencan\Documents\Visual Studio 2012\Projects\cs300_Homework4\cs300_Homework4\Debug\vc110.idb
C:\Users\Efe Şencan\Documents\Visual Studio 2012\Projects\cs300_Homework4\cs300_Homework4\Debug\vc110.pdb
C:\Users\Efe Şencan\Documents\Visual Studio 2012\Projects\cs300_Homework4\Debug\cs300_Homework4.pdb
C:\Users\Efe Şencan\Documents\Visual Studio 2012\Projects\cs300_Homework4\Debug\cs300_Homework4.exe
C:\Users\Efe Şencan\Documents\Visual Studio 2012\Projects\cs300_Homework4\Debug\cs300_Homework4.ilk
