C:\USERS\EFE ŞENCAN\DOCUMENTS\VISUAL STUDIO 2012\PROJECTS\25083-EFESENCAN-DECOMPRESS\25083-EFESENCAN-DECOMPRESS\DEBUG\VC110.PDB
C:\USERS\EFE ŞENCAN\DOCUMENTS\VISUAL STUDIO 2012\PROJECTS\25083-EFESENCAN-DECOMPRESS\25083-EFESENCAN-DECOMPRESS\DEBUG\DECOMPRESS.OBJ
C:\USERS\EFE ŞENCAN\DOCUMENTS\VISUAL STUDIO 2012\PROJECTS\25083-EFESENCAN-DECOMPRESS\DEBUG\25083-EFESENCAN-DECOMPRESS.ILK
C:\USERS\EFE ŞENCAN\DOCUMENTS\VISUAL STUDIO 2012\PROJECTS\25083-EFESENCAN-DECOMPRESS\DEBUG\25083-EFESENCAN-DECOMPRESS.EXE
C:\USERS\EFE ŞENCAN\DOCUMENTS\VISUAL STUDIO 2012\PROJECTS\25083-EFESENCAN-DECOMPRESS\DEBUG\25083-EFESENCAN-DECOMPRESS.PDB
C:\Users\Efe Şencan\Documents\Visual Studio 2012\Projects\25083-EfeSencan-decompress\25083-EfeSencan-decompress\Debug\decompress.obj
C:\Users\Efe Şencan\Documents\Visual Studio 2012\Projects\25083-EfeSencan-decompress\25083-EfeSencan-decompress\Debug\cl.command.1.tlog
C:\Users\Efe Şencan\Documents\Visual Studio 2012\Projects\25083-EfeSencan-decompress\25083-EfeSencan-decompress\Debug\CL.read.1.tlog
C:\Users\Efe Şencan\Documents\Visual Studio 2012\Projects\25083-EfeSencan-decompress\25083-EfeSencan-decompress\Debug\CL.write.1.tlog
C:\Users\Efe Şencan\Documents\Visual Studio 2012\Projects\25083-EfeSencan-decompress\25083-EfeSencan-decompress\Debug\link-cvtres.read.1.tlog
C:\Users\Efe Şencan\Documents\Visual Studio 2012\Projects\25083-EfeSencan-decompress\25083-EfeSencan-decompress\Debug\link-cvtres.write.1.tlog
C:\Users\Efe Şencan\Documents\Visual Studio 2012\Projects\25083-EfeSencan-decompress\25083-EfeSencan-decompress\Debug\link-rc.read.1.tlog
C:\Users\Efe Şencan\Documents\Visual Studio 2012\Projects\25083-EfeSencan-decompress\25083-EfeSencan-decompress\Debug\link-rc.write.1.tlog
C:\Users\Efe Şencan\Documents\Visual Studio 2012\Projects\25083-EfeSencan-decompress\25083-EfeSencan-decompress\Debug\link.15900-cvtres.read.1.tlog
C:\Users\Efe Şencan\Documents\Visual Studio 2012\Projects\25083-EfeSencan-decompress\25083-EfeSencan-decompress\Debug\link.15900-cvtres.write.1.tlog
C:\Users\Efe Şencan\Documents\Visual Studio 2012\Projects\25083-EfeSencan-decompress\25083-EfeSencan-decompress\Debug\link.15900-rc.read.1.tlog
C:\Users\Efe Şencan\Documents\Visual Studio 2012\Projects\25083-EfeSencan-decompress\25083-EfeSencan-decompress\Debug\link.15900-rc.write.1.tlog
C:\Users\Efe Şencan\Documents\Visual Studio 2012\Projects\25083-EfeSencan-decompress\25083-EfeSencan-decompress\Debug\link.15900.read.1.tlog
C:\Users\Efe Şencan\Documents\Visual Studio 2012\Projects\25083-EfeSencan-decompress\25083-EfeSencan-decompress\Debug\link.15900.write.1.tlog
C:\Users\Efe Şencan\Documents\Visual Studio 2012\Projects\25083-EfeSencan-decompress\25083-EfeSencan-decompress\Debug\link.21096-cvtres.read.1.tlog
C:\Users\Efe Şencan\Documents\Visual Studio 2012\Projects\25083-EfeSencan-decompress\25083-EfeSencan-decompress\Debug\link.21096-cvtres.write.1.tlog
C:\Users\Efe Şencan\Documents\Visual Studio 2012\Projects\25083-EfeSencan-decompress\25083-EfeSencan-decompress\Debug\link.21096-rc.read.1.tlog
C:\Users\Efe Şencan\Documents\Visual Studio 2012\Projects\25083-EfeSencan-decompress\25083-EfeSencan-decompress\Debug\link.21096-rc.write.1.tlog
C:\Users\Efe Şencan\Documents\Visual Studio 2012\Projects\25083-EfeSencan-decompress\25083-EfeSencan-decompress\Debug\link.21096.read.1.tlog
C:\Users\Efe Şencan\Documents\Visual Studio 2012\Projects\25083-EfeSencan-decompress\25083-EfeSencan-decompress\Debug\link.21096.write.1.tlog
C:\Users\Efe Şencan\Documents\Visual Studio 2012\Projects\25083-EfeSencan-decompress\25083-EfeSencan-decompress\Debug\link.23476-cvtres.read.1.tlog
C:\Users\Efe Şencan\Documents\Visual Studio 2012\Projects\25083-EfeSencan-decompress\25083-EfeSencan-decompress\Debug\link.23476-cvtres.write.1.tlog
C:\Users\Efe Şencan\Documents\Visual Studio 2012\Projects\25083-EfeSencan-decompress\25083-EfeSencan-decompress\Debug\link.23476-rc.read.1.tlog
C:\Users\Efe Şencan\Documents\Visual Studio 2012\Projects\25083-EfeSencan-decompress\25083-EfeSencan-decompress\Debug\link.23476-rc.write.1.tlog
C:\Users\Efe Şencan\Documents\Visual Studio 2012\Projects\25083-EfeSencan-decompress\25083-EfeSencan-decompress\Debug\link.23476.read.1.tlog
C:\Users\Efe Şencan\Documents\Visual Studio 2012\Projects\25083-EfeSencan-decompress\25083-EfeSencan-decompress\Debug\link.23476.write.1.tlog
C:\Users\Efe Şencan\Documents\Visual Studio 2012\Projects\25083-EfeSencan-decompress\25083-EfeSencan-decompress\Debug\link.7888-cvtres.read.1.tlog
C:\Users\Efe Şencan\Documents\Visual Studio 2012\Projects\25083-EfeSencan-decompress\25083-EfeSencan-decompress\Debug\link.7888-cvtres.write.1.tlog
C:\Users\Efe Şencan\Documents\Visual Studio 2012\Projects\25083-EfeSencan-decompress\25083-EfeSencan-decompress\Debug\link.7888-rc.read.1.tlog
C:\Users\Efe Şencan\Documents\Visual Studio 2012\Projects\25083-EfeSencan-decompress\25083-EfeSencan-decompress\Debug\link.7888-rc.write.1.tlog
C:\Users\Efe Şencan\Documents\Visual Studio 2012\Projects\25083-EfeSencan-decompress\25083-EfeSencan-decompress\Debug\link.7888.read.1.tlog
C:\Users\Efe Şencan\Documents\Visual Studio 2012\Projects\25083-EfeSencan-decompress\25083-EfeSencan-decompress\Debug\link.7888.write.1.tlog
C:\Users\Efe Şencan\Documents\Visual Studio 2012\Projects\25083-EfeSencan-decompress\25083-EfeSencan-decompress\Debug\link.command.1.tlog
C:\Users\Efe Şencan\Documents\Visual Studio 2012\Projects\25083-EfeSencan-decompress\25083-EfeSencan-decompress\Debug\link.read.1.tlog
C:\Users\Efe Şencan\Documents\Visual Studio 2012\Projects\25083-EfeSencan-decompress\25083-EfeSencan-decompress\Debug\link.write.1.tlog
C:\Users\Efe Şencan\Documents\Visual Studio 2012\Projects\25083-EfeSencan-decompress\25083-EfeSencan-decompress\Debug\vc110.idb
C:\Users\Efe Şencan\Documents\Visual Studio 2012\Projects\25083-EfeSencan-decompress\25083-EfeSencan-decompress\Debug\vc110.pdb
C:\Users\Efe Şencan\Documents\Visual Studio 2012\Projects\25083-EfeSencan-decompress\Debug\25083-EfeSencan-decompress.pdb
C:\Users\Efe Şencan\Documents\Visual Studio 2012\Projects\25083-EfeSencan-decompress\Debug\25083-EfeSencan-decompress.exe
C:\Users\Efe Şencan\Documents\Visual Studio 2012\Projects\25083-EfeSencan-decompress\Debug\25083-EfeSencan-decompress.ilk
