C:\USERS\EFE ŞENCAN\DOCUMENTS\VISUAL STUDIO 2012\PROJECTS\CS300_HOMEWORK3\CS300_HOMEWORK3\DEBUG\HASH.OBJ
C:\USERS\EFE ŞENCAN\DOCUMENTS\VISUAL STUDIO 2012\PROJECTS\CS300_HOMEWORK3\CS300_HOMEWORK3\DEBUG\VC110.PDB
C:\USERS\EFE ŞENCAN\DOCUMENTS\VISUAL STUDIO 2012\PROJECTS\CS300_HOMEWORK3\DEBUG\CS300_HOMEWORK3.ILK
C:\USERS\EFE ŞENCAN\DOCUMENTS\VISUAL STUDIO 2012\PROJECTS\CS300_HOMEWORK3\DEBUG\CS300_HOMEWORK3.EXE
C:\USERS\EFE ŞENCAN\DOCUMENTS\VISUAL STUDIO 2012\PROJECTS\CS300_HOMEWORK3\DEBUG\CS300_HOMEWORK3.PDB
C:\Users\Efe Şencan\Documents\Visual Studio 2012\Projects\cs300_Homework3\cs300_Homework3\Debug\hash.obj
C:\Users\Efe Şencan\Documents\Visual Studio 2012\Projects\cs300_Homework3\cs300_Homework3\Debug\cl.command.1.tlog
C:\Users\Efe Şencan\Documents\Visual Studio 2012\Projects\cs300_Homework3\cs300_Homework3\Debug\CL.read.1.tlog
C:\Users\Efe Şencan\Documents\Visual Studio 2012\Projects\cs300_Homework3\cs300_Homework3\Debug\CL.write.1.tlog
C:\Users\Efe Şencan\Documents\Visual Studio 2012\Projects\cs300_Homework3\cs300_Homework3\Debug\link-cvtres.read.1.tlog
C:\Users\Efe Şencan\Documents\Visual Studio 2012\Projects\cs300_Homework3\cs300_Homework3\Debug\link-cvtres.write.1.tlog
C:\Users\Efe Şencan\Documents\Visual Studio 2012\Projects\cs300_Homework3\cs300_Homework3\Debug\link-rc.read.1.tlog
C:\Users\Efe Şencan\Documents\Visual Studio 2012\Projects\cs300_Homework3\cs300_Homework3\Debug\link-rc.write.1.tlog
C:\Users\Efe Şencan\Documents\Visual Studio 2012\Projects\cs300_Homework3\cs300_Homework3\Debug\link.command.1.tlog
C:\Users\Efe Şencan\Documents\Visual Studio 2012\Projects\cs300_Homework3\cs300_Homework3\Debug\link.read.1.tlog
C:\Users\Efe Şencan\Documents\Visual Studio 2012\Projects\cs300_Homework3\cs300_Homework3\Debug\link.write.1.tlog
C:\Users\Efe Şencan\Documents\Visual Studio 2012\Projects\cs300_Homework3\cs300_Homework3\Debug\vc110.idb
C:\Users\Efe Şencan\Documents\Visual Studio 2012\Projects\cs300_Homework3\cs300_Homework3\Debug\vc110.pdb
C:\Users\Efe Şencan\Documents\Visual Studio 2012\Projects\cs300_Homework3\Debug\cs300_Homework3.pdb
C:\Users\Efe Şencan\Documents\Visual Studio 2012\Projects\cs300_Homework3\Debug\cs300_Homework3.exe
C:\Users\Efe Şencan\Documents\Visual Studio 2012\Projects\cs300_Homework3\Debug\cs300_Homework3.ilk
