C:\USERS\EFE şENCAN\DOCUMENTS\VISUAL STUDIO 2012\PROJECTS\CS300_HOMEWORK1\CS300_HOMEWORK1\DEBUG\25083_EFESENCAN.OBJ
C:\USERS\EFE ŞENCAN\DOCUMENTS\VISUAL STUDIO 2012\PROJECTS\CS300_HOMEWORK1\CS300_HOMEWORK1\DEBUG\VC110.PDB
C:\USERS\EFE şENCAN\DOCUMENTS\VISUAL STUDIO 2012\PROJECTS\CS300_HOMEWORK1\DEBUG\CS300_HOMEWORK1.ILK
C:\USERS\EFE şENCAN\DOCUMENTS\VISUAL STUDIO 2012\PROJECTS\CS300_HOMEWORK1\DEBUG\CS300_HOMEWORK1.EXE
C:\USERS\EFE ŞENCAN\DOCUMENTS\VISUAL STUDIO 2012\PROJECTS\CS300_HOMEWORK1\DEBUG\CS300_HOMEWORK1.PDB
C:\Users\Efe Şencan\documents\visual studio 2012\Projects\cs300_Homework1\cs300_Homework1\Debug\cl.command.1.tlog
C:\Users\Efe Şencan\documents\visual studio 2012\Projects\cs300_Homework1\cs300_Homework1\Debug\CL.read.1.tlog
C:\Users\Efe Şencan\documents\visual studio 2012\Projects\cs300_Homework1\cs300_Homework1\Debug\CL.write.1.tlog
C:\Users\Efe Şencan\documents\visual studio 2012\Projects\cs300_Homework1\cs300_Homework1\Debug\link-cvtres.read.1.tlog
C:\Users\Efe Şencan\documents\visual studio 2012\Projects\cs300_Homework1\cs300_Homework1\Debug\link-cvtres.write.1.tlog
C:\Users\Efe Şencan\documents\visual studio 2012\Projects\cs300_Homework1\cs300_Homework1\Debug\link-rc.read.1.tlog
C:\Users\Efe Şencan\documents\visual studio 2012\Projects\cs300_Homework1\cs300_Homework1\Debug\link-rc.write.1.tlog
C:\Users\Efe Şencan\documents\visual studio 2012\Projects\cs300_Homework1\cs300_Homework1\Debug\link.command.1.tlog
C:\Users\Efe Şencan\documents\visual studio 2012\Projects\cs300_Homework1\cs300_Homework1\Debug\link.read.1.tlog
C:\Users\Efe Şencan\documents\visual studio 2012\Projects\cs300_Homework1\cs300_Homework1\Debug\link.write.1.tlog
C:\Users\Efe Şencan\documents\visual studio 2012\Projects\cs300_Homework1\cs300_Homework1\Debug\vc110.idb
C:\Users\Efe Şencan\documents\visual studio 2012\Projects\cs300_Homework1\cs300_Homework1\Debug\vc110.pdb
C:\Users\Efe Şencan\documents\visual studio 2012\Projects\cs300_Homework1\Debug\cs300_Homework1.pdb
C:\Users\Efe Şencan\documents\visual studio 2012\Projects\cs300_Homework1\Debug\cs300_Homework1.exe
C:\Users\Efe Şencan\documents\visual studio 2012\Projects\cs300_Homework1\Debug\cs300_Homework1.ilk
